Arguments: 
  C:\Program Files\nodejs\node.exe C:\Users\info\AppData\Roaming\npm\node_modules\yarn\bin\yarn.js add nodemon concorrently

PATH: 
  C:\Program Files\ImageMagick-7.1.0-Q16-HDRI;C:\Program Files\Common Files\Oracle\Java\javapath;C:\Program Files (x86)\Common Files\Oracle\Java\javapath;c:\program files\graphicsmagick-1.3.36-q8;C:\Program Files\GraphicsMagick-1.3.38;C:\Program Files\ImageMagick-7.1.0-Q16;C:\Windows\system32;C:\Windows;C:\Windows\System32\Wbem;C:\Windows\System32\WindowsPowerShell\v1.0\;C:\Windows\System32\OpenSSH\;C:\Program Files\Git\cmd;C:\Program Files\PostgreSQL\13\bin\;C:\ProgramData\chocolatey\bin;C:\Program Files\Java\jdk-11.0.13\bin;C:\Users\info\AppData\Roaming\nvm;C:\Program Files\nodejs;C:\Program Files\nodejs\;C:\Program Files\OpenJDK\openjdk-11.0.16_8\bin;C:\Program Files\PuTTY\;C:\Program Files\Microsoft SQL Server\Client SDK\ODBC\170\Tools\Binn\;C:\Program Files (x86)\Microsoft SQL Server\150\Tools\Binn\;C:\Program Files\Microsoft SQL Server\150\Tools\Binn\;C:\Program Files\Microsoft SQL Server\150\DTS\Binn\;C:\Program Files (x86)\Microsoft SQL Server\150\DTS\Binn\;C:\Program Files\apache-maven-3.8.6\bin;C:\Program Files\Microsoft SQL Server\Client SDK\ODBC\170\Tools\Binn;C:\Program Files\Docker\Docker\resources\bin;C:\ProgramData\DockerDesktop\version-bin;C:\Users\info\AppData\Local\Programs\Python\Python311\Scripts\;C:\Users\info\AppData\Local\Programs\Python\Python311\;C:\Program Files\Git\usr\bin\ssh.exe;C:\Program Files\MySQL\MySQL Shell 8.0\bin\;C:\Users\info\AppData\Local\Microsoft\WindowsApps;C:\Users\info\AppData\Local\Programs\Microsoft VS Code\bin;C:\Users\info\AppData\Local\watchman;C:\Users\info\AppData\Local\Yarn\bin;C:\Gradle\gradle-7.4.2\bin;C:\php;C:\Program Files\MongoDB\Server\5.0\bin;C:\Windows\system32\ngrok.exe;C:\Users\info\AppData\Local\GitHubDesktop\bin;C:\Users\info\AppData\Local\Android\Sdk\platform-tools;C:\Users\info\AppData\Local\Android\sdk\tools\bin;D:\nginx-1.20.2;C:\Users\info\AppData\Roaming\nvm;C:\Program Files\nodejs;C:\Program Files\heroku\bin;C:\Users\info\AppData\Local\Android\Sdk\platform-tools;C:\Users\info\AppData\Local\Android\Sdk\platform-tools;C:\Users\info\AppData\Roaming\npm;C:\Program Files\Azure Data Studio\bin;C:\Program Files\liquibase;C:\Program Files\mitmproxy\bin;C:\Users\info\AppData\Local\JetBrains\Toolbox\scripts;C:\Gradle\gradle-7.4.2\bin;

Yarn version: 
  1.22.11

Node version: 
  16.17.0

Platform: 
  win32 x64

Trace: 
  Error: connect ECONNABORTED 104.16.18.35:443
      at TCPConnectWrap.afterConnect [as oncomplete] (node:net:1247:16)

npm manifest: 
  {
    "name": "matches-from-94",
    "version": "1.0.0",
    "description": "",
    "main": "index.js",
    "scripts": {
      "test": "echo \"Error: no test specified\" && exit 1"
    },
    "keywords": [],
    "author": "",
    "license": "ISC"
  }

yarn manifest: 
  No manifest

Lockfile: 
  No lockfile
